<?xml version="1.0" encoding="UTF-8"?>
<!-- Generated by org.testng.reporters.JUnitXMLReporter -->
<testsuite ignored="0" hostname="DESKTOP-L0QPCV5" failures="0" tests="3" name="Test" time="13.964" errors="0" timestamp="2022-07-05T23:39:58 IST">
  <testcase classname="Cucumber.stealmylogin.LoginIntoHomePage" name="basePageNavigation" time="3.114"/>
  <testcase classname="Cucumber.stealmylogin.LoginIntoHomePage" name="basePageNavigation" time="2.156"/>
  <testcase classname="Cucumber.stealmylogin.AppTest" name="shouldAnswerWithTrue" time="0.005"/>
</testsuite> <!-- Test -->
