<?xml version="1.0" encoding="UTF-8"?>
<testng-results ignored="0" total="2" passed="2" failed="0" skipped="0">
  <reporter-output>
  </reporter-output>
  <suite started-at="2022-07-07T15:16:43 IST" name="Suite" finished-at="2022-07-07T15:16:58 IST" duration-ms="14971">
    <groups>
    </groups>
    <test started-at="2022-07-07T15:16:43 IST" name="Test" finished-at="2022-07-07T15:16:58 IST" duration-ms="14971">
      <class name="Cucumber.stealmylogin.LoginIntoHomePage">
        <test-method is-config="true" signature="initialize()[pri:0, instance:Cucumber.stealmylogin.LoginIntoHomePage@2de366bb]" started-at="2022-07-07T15:16:43 IST" name="initialize" finished-at="2022-07-07T15:16:52 IST" duration-ms="8729" status="PASS">
          <reporter-output>
          </reporter-output>
        </test-method> <!-- initialize -->
        <test-method signature="basePageNavigation(java.lang.String,java.lang.String)[pri:0, instance:Cucumber.stealmylogin.LoginIntoHomePage@2de366bb]" started-at="2022-07-07T15:16:52 IST" name="basePageNavigation" data-provider="getData" finished-at="2022-07-07T15:16:55 IST" duration-ms="3667" status="PASS">
          <params>
            <param index="0">
              <value>
                <![CDATA[rupesh]]>
              </value>
            </param>
            <param index="1">
              <value>
                <![CDATA[rupesh123]]>
              </value>
            </param>
          </params>
          <reporter-output>
          </reporter-output>
        </test-method> <!-- basePageNavigation -->
        <test-method signature="basePageNavigation(java.lang.String,java.lang.String)[pri:0, instance:Cucumber.stealmylogin.LoginIntoHomePage@2de366bb]" started-at="2022-07-07T15:16:55 IST" name="basePageNavigation" data-provider="getData" finished-at="2022-07-07T15:16:57 IST" duration-ms="1846" status="PASS">
          <params>
            <param index="0">
              <value>
                <![CDATA[kunal22]]>
              </value>
            </param>
            <param index="1">
              <value>
                <![CDATA[kunal789]]>
              </value>
            </param>
          </params>
          <reporter-output>
          </reporter-output>
        </test-method> <!-- basePageNavigation -->
        <test-method is-config="true" signature="tearDown()[pri:0, instance:Cucumber.stealmylogin.LoginIntoHomePage@2de366bb]" started-at="2022-07-07T15:16:57 IST" name="tearDown" finished-at="2022-07-07T15:16:58 IST" duration-ms="582" status="PASS">
          <reporter-output>
          </reporter-output>
        </test-method> <!-- tearDown -->
      </class> <!-- Cucumber.stealmylogin.LoginIntoHomePage -->
    </test> <!-- Test -->
  </suite> <!-- Suite -->
</testng-results>
